app/build/outputs/logs/manifest-merger-release-report.txt
-- Merging decision tree log ---
manifest
ADDED from src\main\AndroidManifest.xml:2:1-773:12
	package
		ADDED from src\main\AndroidManifest.xml:3:5-29
		INJECTED from src\main\AndroidManifest.xml
		INJECTED from src\main\AndroidManifest.xml
	android:versionName
		ADDED from src\main\AndroidManifest.xml:5:5-33
		INJECTED from src\main\AndroidManifest.xml
		INJECTED from src\main\AndroidManifest.xml
	android:versionCode
		ADDED from src\main\AndroidManifest.xml:4:5-29
		INJECTED from src\main\AndroidManifest.xml
		INJECTED from src\main\AndroidManifest.xml
	xmlns:android
		ADDED from src\main\AndroidManifest.xml:2:11-69
uses-sdk
ADDED from src\main\AndroidManifest.xml:7:5-9:41
MERGED from [com.android.support:support-v4:25.0.0] AndroidManifest.xml:21:5-23:54
MERGED from [com.android.support:support-fragment:25.0.0] AndroidManifest.xml:21:5-23:60
MERGED from [com.android.support:support-media-compat:25.0.0] AndroidManifest.xml:21:5-23:63
MERGED from [com.android.support:support-core-ui:25.0.0] AndroidManifest.xml:21:5-23:58
MERGED from [com.android.support:support-core-utils:25.0.0] AndroidManifest.xml:21:5-23:61
MERGED from [com.android.support:support-compat:25.0.0] AndroidManifest.xml:21:5-23:58
	tools:overrideLibrary
		ADDED from [com.android.support:support-v4:25.0.0] AndroidManifest.xml:23:9-51
	android:targetSdkVersion
		ADDED from src\main\AndroidManifest.xml:9:9-38
		INJECTED from src\main\AndroidManifest.xml
		INJECTED from src\main\AndroidManifest.xml
	android:minSdkVersion
		ADDED from src\main\AndroidManifest.xml:8:9-35
		INJECTED from src\main\AndroidManifest.xml
		INJECTED from src\main\AndroidManifest.xml
permission#com.kingteller.permission.JPUSH_MESSAGE
ADDED from src\main\AndroidManifest.xml:11:5-13:47
	android:protectionLevel
		ADDED from src\main\AndroidManifest.xml:13:9-44
	android:name
		ADDED from src\main\AndroidManifest.xml:12:9-63
uses-permission#android.permission.CALL_PHONE
ADDED from src\main\AndroidManifest.xml:15:5-69
	android:name
		ADDED from src\main\AndroidManifest.xml:15:22-66
uses-permission#com.kingteller.permission.JPUSH_MESSAGE
ADDED from src\main\AndroidManifest.xml:16:5-79
	android:name
		ADDED from src\main\AndroidManifest.xml:16:22-76
uses-permission#android.permission.INTERNET
ADDED from src\main\AndroidManifest.xml:17:5-67
	android:name
		ADDED from src\main\AndroidManifest.xml:17:22-64
uses-permission#android.permission.ACCESS_NETWORK_STATE
ADDED from src\main\AndroidManifest.xml:18:5-79
	android:name
		ADDED from src\main\AndroidManifest.xml:18:22-76
uses-permission#android.permission.ACCESS_WIFI_STATE
ADDED from src\main\AndroidManifest.xml:19:5-76
	android:name
		ADDED from src\main\AndroidManifest.xml:19:22-73
uses-permission#android.permission.CHANGE_WIFI_STATE
ADDED from src\main\AndroidManifest.xml:20:5-76
	android:name
		ADDED from src\main\AndroidManifest.xml:20:22-73
uses-permission#android.permission.ACCESS_COARSE_LOCATION
ADDED from src\main\AndroidManifest.xml:21:5-81
	android:name
		ADDED from src\main\AndroidManifest.xml:21:22-78
uses-permission#android.permission.ACCESS_FINE_LOCATION
ADDED from src\main\AndroidManifest.xml:22:5-79
	android:name
		ADDED from src\main\AndroidManifest.xml:22:22-76
uses-permission#android.permission.READ_PHONE_STATE
ADDED from src\main\AndroidManifest.xml:23:5-75
	android:name
		ADDED from src\main\AndroidManifest.xml:23:22-72
uses-permission#android.permission.READ_LOGS
ADDED from src\main\AndroidManifest.xml:24:5-68
	android:name
		ADDED from src\main\AndroidManifest.xml:24:22-65
uses-permission#android.permission.WRITE_EXTERNAL_STORAGE
ADDED from src\main\AndroidManifest.xml:25:5-81
	android:name
		ADDED from src\main\AndroidManifest.xml:25:22-78
uses-permission#com.android.browser.permission.READ_HISTORY_BOOKMARKS
ADDED from src\main\AndroidManifest.xml:26:5-92
	android:name
		ADDED from src\main\AndroidManifest.xml:26:22-90
uses-permission#android.permission.MOUNT_UNMOUNT_FILESYSTEMS
ADDED from src\main\AndroidManifest.xml:28:5-84
	android:name
		ADDED from src\main\AndroidManifest.xml:28:22-81
uses-permission#android.permission.MOUNT_FORMAT_FILESYSTEMS
ADDED from src\main\AndroidManifest.xml:29:5-82
	android:name
		ADDED from src\main\AndroidManifest.xml:29:22-80
uses-permission#android.permission.RECORD_AUDIO
ADDED from src\main\AndroidManifest.xml:30:5-71
	android:name
		ADDED from src\main\AndroidManifest.xml:30:22-68
uses-permission#android.permission.READ_EXTERNAL_STORAGE
ADDED from src\main\AndroidManifest.xml:31:5-80
	android:name
		ADDED from src\main\AndroidManifest.xml:31:22-77
uses-permission#android.permission.RECEIVE_BOOT_COMPLETED
ADDED from src\main\AndroidManifest.xml:32:5-81
	android:name
		ADDED from src\main\AndroidManifest.xml:32:22-78
uses-permission#android.permission.WRITE_SETTINGS
ADDED from src\main\AndroidManifest.xml:33:5-73
	android:name
		ADDED from src\main\AndroidManifest.xml:33:22-70
uses-permission#android.permission.VIBRATE
ADDED from src\main\AndroidManifest.xml:34:5-66
	android:name
		ADDED from src\main\AndroidManifest.xml:34:22-63
uses-permission#android.permission.ACCESS_DOWNLOAD_MANAGER
ADDED from src\main\AndroidManifest.xml:35:5-82
	android:name
		ADDED from src\main\AndroidManifest.xml:35:22-79
uses-permission#android.permission.DOWNLOAD_WITHOUT_NOTIFICATION
ADDED from src\main\AndroidManifest.xml:36:5-88
	android:name
		ADDED from src\main\AndroidManifest.xml:36:22-85
uses-permission#android.permission.SYSTEM_ALERT_WINDOW
ADDED from src\main\AndroidManifest.xml:37:5-78
	android:name
		ADDED from src\main\AndroidManifest.xml:37:22-75
uses-permission#android.permission.DISABLE_KEYGUARD
ADDED from src\main\AndroidManifest.xml:38:5-75
	android:name
		ADDED from src\main\AndroidManifest.xml:38:22-72
uses-permission#android.permission.GET_TASKS
ADDED from src\main\AndroidManifest.xml:39:5-68
	android:name
		ADDED from src\main\AndroidManifest.xml:39:22-65
uses-permission#android.permission.CHANGE_CONFIGURATION
ADDED from src\main\AndroidManifest.xml:40:5-79
	android:name
		ADDED from src\main\AndroidManifest.xml:40:22-76
uses-permission#android.permission.WAKE_LOCK
ADDED from src\main\AndroidManifest.xml:41:5-68
	android:name
		ADDED from src\main\AndroidManifest.xml:41:22-65
uses-permission#android.permission.BATTERY_STATS
ADDED from src\main\AndroidManifest.xml:42:5-72
	android:name
		ADDED from src\main\AndroidManifest.xml:42:22-69
uses-permission#android.permission.RECEIVE_SMS
ADDED from src\main\AndroidManifest.xml:45:5-70
	android:name
		ADDED from src\main\AndroidManifest.xml:45:22-67
uses-permission#android.permission.SEND_SMS
ADDED from src\main\AndroidManifest.xml:46:5-67
	android:name
		ADDED from src\main\AndroidManifest.xml:46:22-64
uses-permission#android.permission.CAMERA
ADDED from src\main\AndroidManifest.xml:48:5-65
	android:name
		ADDED from src\main\AndroidManifest.xml:48:22-62
uses-permission#android.permission.FLASHLIGHT
ADDED from src\main\AndroidManifest.xml:49:5-69
	android:name
		ADDED from src\main\AndroidManifest.xml:49:22-66
uses-feature#android.hardware.camera
ADDED from src\main\AndroidManifest.xml:51:5-85
	android:required
		ADDED from src\main\AndroidManifest.xml:51:58-82
	android:name
		ADDED from src\main\AndroidManifest.xml:51:19-57
uses-feature#android.hardware.camera.front
ADDED from src\main\AndroidManifest.xml:52:5-91
	android:required
		ADDED from src\main\AndroidManifest.xml:52:64-88
	android:name
		ADDED from src\main\AndroidManifest.xml:52:19-63
uses-feature#android.hardware.camera.autofocus
ADDED from src\main\AndroidManifest.xml:53:5-95
	android:required
		ADDED from src\main\AndroidManifest.xml:53:68-92
	android:name
		ADDED from src\main\AndroidManifest.xml:53:19-67
uses-feature#android.hardware.camera.flash
ADDED from src\main\AndroidManifest.xml:54:5-91
	android:required
		ADDED from src\main\AndroidManifest.xml:54:64-88
	android:name
		ADDED from src\main\AndroidManifest.xml:54:19-63
uses-feature#android.hardware.screen.landscape
ADDED from src\main\AndroidManifest.xml:55:5-70
	android:name
		ADDED from src\main\AndroidManifest.xml:55:19-67
uses-feature#android.hardware.wifi
ADDED from src\main\AndroidManifest.xml:56:5-83
	android:required
		ADDED from src\main\AndroidManifest.xml:56:56-80
	android:name
		ADDED from src\main\AndroidManifest.xml:56:19-55
uses-feature#android.hardware.touchscreen
ADDED from src\main\AndroidManifest.xml:57:5-65
	android:name
		ADDED from src\main\AndroidManifest.xml:57:19-62
supports-screens
ADDED from src\main\AndroidManifest.xml:60:5-65:40
	android:largeScreens
		ADDED from src\main\AndroidManifest.xml:62:9-36
	android:smallScreens
		ADDED from src\main\AndroidManifest.xml:64:9-36
	android:normalScreens
		ADDED from src\main\AndroidManifest.xml:63:9-37
	android:xlargeScreens
		ADDED from src\main\AndroidManifest.xml:65:9-37
	android:anyDensity
		ADDED from src\main\AndroidManifest.xml:61:9-34
application
ADDED from src\main\AndroidManifest.xml:67:5-771:19
MERGED from [com.android.support:support-v4:25.0.0] AndroidManifest.xml:25:5-20
MERGED from [com.android.support:support-fragment:25.0.0] AndroidManifest.xml:25:5-20
MERGED from [com.android.support:support-media-compat:25.0.0] AndroidManifest.xml:25:5-20
MERGED from [com.android.support:support-core-ui:25.0.0] AndroidManifest.xml:25:5-20
MERGED from [com.android.support:support-core-utils:25.0.0] AndroidManifest.xml:25:5-20
MERGED from [com.android.support:support-compat:25.0.0] AndroidManifest.xml:25:5-20
	android:label
		ADDED from src\main\AndroidManifest.xml:72:9-41
	android:allowBackup
		ADDED from src\main\AndroidManifest.xml:69:9-35
	android:icon
		ADDED from src\main\AndroidManifest.xml:71:9-45
	android:persistent
		ADDED from src\main\AndroidManifest.xml:70:9-34
	android:theme
		ADDED from src\main\AndroidManifest.xml:73:9-40
	android:name
		ADDED from src\main\AndroidManifest.xml:68:9-53
activity#com.kingteller.client.activity.login.LoginActivity
ADDED from src\main\AndroidManifest.xml:74:9-81:20
	android:screenOrientation
		ADDED from src\main\AndroidManifest.xml:76:13-49
	android:name
		ADDED from src\main\AndroidManifest.xml:75:13-64
intent-filter#android.intent.action.MAIN+android.intent.category.LAUNCHER
ADDED from src\main\AndroidManifest.xml:77:13-80:29
action#android.intent.action.MAIN
ADDED from src\main\AndroidManifest.xml:78:17-69
	android:name
		ADDED from src\main\AndroidManifest.xml:78:25-66
category#android.intent.category.LAUNCHER
ADDED from src\main\AndroidManifest.xml:79:17-77
	android:name
		ADDED from src\main\AndroidManifest.xml:79:27-74
activity#com.kingteller.client.activity.account.MainActivity
ADDED from src\main\AndroidManifest.xml:84:9-87:50
	android:screenOrientation
		ADDED from src\main\AndroidManifest.xml:87:12-48
	android:launchMode
		ADDED from src\main\AndroidManifest.xml:86:12-43
	android:name
		ADDED from src\main\AndroidManifest.xml:85:12-78
activity#com.kingteller.client.activity.welcome.WelComeActivity
ADDED from src\main\AndroidManifest.xml:90:9-92:51
	android:screenOrientation
		ADDED from src\main\AndroidManifest.xml:92:13-49
	android:name
		ADDED from src\main\AndroidManifest.xml:91:13-68
activity#com.kingteller.client.activity.common.PicViewActivity
ADDED from src\main\AndroidManifest.xml:96:9-98:51
	android:screenOrientation
		ADDED from src\main\AndroidManifest.xml:98:13-49
	android:name
		ADDED from src\main\AndroidManifest.xml:97:13-67
activity#com.kingteller.client.activity.map.SelectImageAllActivity
ADDED from src\main\AndroidManifest.xml:101:9-103:52
	android:screenOrientation
		ADDED from src\main\AndroidManifest.xml:103:13-49
	android:name
		ADDED from src\main\AndroidManifest.xml:102:13-71
activity#com.kingteller.client.view.image.activity.PickBigImagesActivity
ADDED from src\main\AndroidManifest.xml:106:9-108:51
	android:screenOrientation
		ADDED from src\main\AndroidManifest.xml:108:13-49
	android:name
		ADDED from src\main\AndroidManifest.xml:107:13-77
activity#com.kingteller.client.view.image.activity.PickOrTakeImageActivity
ADDED from src\main\AndroidManifest.xml:109:9-111:51
	android:screenOrientation
		ADDED from src\main\AndroidManifest.xml:111:13-49
	android:name
		ADDED from src\main\AndroidManifest.xml:110:13-79
activity#com.kingteller.client.view.image.activity.ChangePicBigImagesActivity
ADDED from src\main\AndroidManifest.xml:112:9-114:51
	android:screenOrientation
		ADDED from src\main\AndroidManifest.xml:114:13-49
	android:name
		ADDED from src\main\AndroidManifest.xml:113:13-82
activity#com.kingteller.client.activity.more.AboutUsActivity
ADDED from src\main\AndroidManifest.xml:119:9-121:51
	android:screenOrientation
		ADDED from src\main\AndroidManifest.xml:121:13-49
	android:name
		ADDED from src\main\AndroidManifest.xml:120:13-65
activity#com.kingteller.client.activity.more.FeedBackActivity
ADDED from src\main\AndroidManifest.xml:124:9-126:52
	android:screenOrientation
		ADDED from src\main\AndroidManifest.xml:126:13-49
	android:name
		ADDED from src\main\AndroidManifest.xml:125:13-66
activity#com.kingteller.client.activity.onlinelearning.OnlineMainActivity
ADDED from src\main\AndroidManifest.xml:130:9-132:53
	android:screenOrientation
		ADDED from src\main\AndroidManifest.xml:132:13-49
	android:name
		ADDED from src\main\AndroidManifest.xml:131:13-78
activity#com.kingteller.client.activity.onlinelearning.OnlineVideoListActivity
ADDED from src\main\AndroidManifest.xml:134:9-136:52
	android:screenOrientation
		ADDED from src\main\AndroidManifest.xml:136:13-49
	android:name
		ADDED from src\main\AndroidManifest.xml:135:13-83
activity#com.kingteller.client.activity.onlinelearning.OnlineVideoCatalogActivity
ADDED from src\main\AndroidManifest.xml:138:9-140:52
	android:screenOrientation
		ADDED from src\main\AndroidManifest.xml:140:13-49
	android:name
		ADDED from src\main\AndroidManifest.xml:139:13-86
activity#com.kingteller.client.activity.onlinelearning.OnlineWorkCatalogActivity
ADDED from src\main\AndroidManifest.xml:142:9-145:45
	android:screenOrientation
		ADDED from src\main\AndroidManifest.xml:144:13-49
	android:theme
		ADDED from src\main\AndroidManifest.xml:145:13-42
	android:name
		ADDED from src\main\AndroidManifest.xml:143:13-85
activity#com.kingteller.client.activity.notice.NoticeListActivity
ADDED from src\main\AndroidManifest.xml:150:9-152:52
	android:screenOrientation
		ADDED from src\main\AndroidManifest.xml:152:13-49
	android:name
		ADDED from src\main\AndroidManifest.xml:151:13-70
activity#com.kingteller.client.activity.map.MapMainActivity
ADDED from src\main\AndroidManifest.xml:157:9-159:52
	android:screenOrientation
		ADDED from src\main\AndroidManifest.xml:159:13-49
	android:name
		ADDED from src\main\AndroidManifest.xml:158:13-64
activity#com.kingteller.client.activity.map.ServiceStationLocationActivity
ADDED from src\main\AndroidManifest.xml:165:9-167:52
	android:screenOrientation
		ADDED from src\main\AndroidManifest.xml:167:13-49
	android:name
		ADDED from src\main\AndroidManifest.xml:166:13-79
activity#com.kingteller.client.activity.map.ATMUploadActivity
ADDED from src\main\AndroidManifest.xml:170:9-172:52
	android:screenOrientation
		ADDED from src\main\AndroidManifest.xml:172:13-49
	android:name
		ADDED from src\main\AndroidManifest.xml:171:13-66
activity#com.kingteller.client.activity.map.ATMAddActivity
ADDED from src\main\AndroidManifest.xml:175:9-177:52
	android:screenOrientation
		ADDED from src\main\AndroidManifest.xml:177:13-49
	android:name
		ADDED from src\main\AndroidManifest.xml:176:13-63
activity#com.kingteller.client.activity.common.SelectMapAddressActivity
ADDED from src\main\AndroidManifest.xml:180:8-182:52
	android:screenOrientation
		ADDED from src\main\AndroidManifest.xml:182:13-49
	android:name
		ADDED from src\main\AndroidManifest.xml:181:13-76
activity#com.kingteller.client.activity.common.SelectAddressActivity
ADDED from src\main\AndroidManifest.xml:184:8-186:52
	android:screenOrientation
		ADDED from src\main\AndroidManifest.xml:186:13-49
	android:name
		ADDED from src\main\AndroidManifest.xml:185:13-73
activity#com.kingteller.client.activity.common.SelectATMCodeActivity
ADDED from src\main\AndroidManifest.xml:189:8-191:52
	android:screenOrientation
		ADDED from src\main\AndroidManifest.xml:191:13-49
	android:name
		ADDED from src\main\AndroidManifest.xml:190:13-73
activity#com.kingteller.client.activity.map.StaffLocationActivity
ADDED from src\main\AndroidManifest.xml:194:9-196:52
	android:screenOrientation
		ADDED from src\main\AndroidManifest.xml:196:13-49
	android:name
		ADDED from src\main\AndroidManifest.xml:195:13-70
activity#com.kingteller.client.activity.map.StaffLocusActivity
ADDED from src\main\AndroidManifest.xml:199:9-201:51
	android:screenOrientation
		ADDED from src\main\AndroidManifest.xml:201:13-49
	android:name
		ADDED from src\main\AndroidManifest.xml:200:13-67
activity#com.kingteller.client.activity.map.ATMQueryActivity
ADDED from src\main\AndroidManifest.xml:204:9-206:52
	android:screenOrientation
		ADDED from src\main\AndroidManifest.xml:206:13-49
	android:name
		ADDED from src\main\AndroidManifest.xml:205:13-65
activity#com.kingteller.client.activity.map.ServiceStationQueryActivity
ADDED from src\main\AndroidManifest.xml:209:9-211:52
	android:screenOrientation
		ADDED from src\main\AndroidManifest.xml:211:13-49
	android:name
		ADDED from src\main\AndroidManifest.xml:210:13-76
activity#com.kingteller.client.activity.map.MobileNavActivity
ADDED from src\main\AndroidManifest.xml:214:9-216:52
	android:screenOrientation
		ADDED from src\main\AndroidManifest.xml:216:13-49
	android:name
		ADDED from src\main\AndroidManifest.xml:215:13-66
activity#com.kingteller.client.activity.map.SetNavLineActivity
ADDED from src\main\AndroidManifest.xml:219:9-221:52
	android:screenOrientation
		ADDED from src\main\AndroidManifest.xml:221:13-49
	android:name
		ADDED from src\main\AndroidManifest.xml:220:13-67
activity#com.kingteller.client.activity.qrcode.QRMainActivity
ADDED from src\main\AndroidManifest.xml:224:3-226:45
	android:screenOrientation
		ADDED from src\main\AndroidManifest.xml:226:7-43
	android:name
		ADDED from src\main\AndroidManifest.xml:225:7-60
activity#com.kingteller.client.activity.qrcode.QRCodeInputActivity
ADDED from src\main\AndroidManifest.xml:229:3-231:45
	android:screenOrientation
		ADDED from src\main\AndroidManifest.xml:231:7-43
	android:name
		ADDED from src\main\AndroidManifest.xml:230:7-65
activity#com.kingteller.client.activity.qrcode.QRDeliveryMaterialActivity
ADDED from src\main\AndroidManifest.xml:234:3-236:45
	android:screenOrientation
		ADDED from src\main\AndroidManifest.xml:236:7-43
	android:name
		ADDED from src\main\AndroidManifest.xml:235:7-72
activity#com.kingteller.client.activity.qrcode.QRReceiptMaterialActivity
ADDED from src\main\AndroidManifest.xml:239:3-241:45
	android:screenOrientation
		ADDED from src\main\AndroidManifest.xml:241:7-43
	android:name
		ADDED from src\main\AndroidManifest.xml:240:7-71
activity#com.kingteller.client.activity.qrcode.QRGuaranteeMaterialActivity
ADDED from src\main\AndroidManifest.xml:244:3-246:45
	android:screenOrientation
		ADDED from src\main\AndroidManifest.xml:246:7-43
	android:name
		ADDED from src\main\AndroidManifest.xml:245:7-73
activity#com.kingteller.client.activity.qrcode.QRTraceBackToActivity
ADDED from src\main\AndroidManifest.xml:249:3-251:45
	android:screenOrientation
		ADDED from src\main\AndroidManifest.xml:251:7-43
	android:name
		ADDED from src\main\AndroidManifest.xml:250:7-67
activity#com.kingteller.client.activity.qrcode.QRTraceBackToShowActivity
ADDED from src\main\AndroidManifest.xml:254:3-256:45
	android:screenOrientation
		ADDED from src\main\AndroidManifest.xml:256:7-43
	android:name
		ADDED from src\main\AndroidManifest.xml:255:7-71
activity#com.kingteller.client.activity.qrcode.QRCargoScanActivity
ADDED from src\main\AndroidManifest.xml:263:3-265:45
	android:screenOrientation
		ADDED from src\main\AndroidManifest.xml:265:7-43
	android:name
		ADDED from src\main\AndroidManifest.xml:264:7-65
activity#com.kingteller.client.activity.qrcode.QRServiceStationMaterialInOutCheckActivity
ADDED from src\main\AndroidManifest.xml:268:3-270:45
	android:screenOrientation
		ADDED from src\main\AndroidManifest.xml:270:7-43
	android:name
		ADDED from src\main\AndroidManifest.xml:269:7-88
activity#com.kingteller.client.activity.qrcode.QRServiceStationCargoScanActivity
ADDED from src\main\AndroidManifest.xml:273:3-275:45
	android:screenOrientation
		ADDED from src\main\AndroidManifest.xml:275:7-43
	android:name
		ADDED from src\main\AndroidManifest.xml:274:7-79
activity#com.kingteller.client.activity.qrcode.QRDotDeliveryCargoScanActivity
ADDED from src\main\AndroidManifest.xml:278:3-280:45
	android:screenOrientation
		ADDED from src\main\AndroidManifest.xml:280:7-43
	android:name
		ADDED from src\main\AndroidManifest.xml:279:7-76
activity#com.kingteller.client.activity.qrcode.QRDotMachineCargoScanActivict
ADDED from src\main\AndroidManifest.xml:283:3-285:45
	android:screenOrientation
		ADDED from src\main\AndroidManifest.xml:285:7-43
	android:name
		ADDED from src\main\AndroidManifest.xml:284:7-75
activity#com.kingteller.client.activity.qrcode.QROfflineDotMachineActivity
ADDED from src\main\AndroidManifest.xml:288:3-290:45
	android:screenOrientation
		ADDED from src\main\AndroidManifest.xml:290:7-43
	android:name
		ADDED from src\main\AndroidManifest.xml:289:7-73
activity#com.kingteller.client.activity.qrcode.QROfflineDotMachineCargoScanActivity
ADDED from src\main\AndroidManifest.xml:293:3-295:45
	android:screenOrientation
		ADDED from src\main\AndroidManifest.xml:295:7-43
	android:name
		ADDED from src\main\AndroidManifest.xml:294:7-82
activity#com.kingteller.client.activity.qrcode.QRDotMachineReplaceCargoScanActivict
ADDED from src\main\AndroidManifest.xml:298:3-300:45
	android:screenOrientation
		ADDED from src\main\AndroidManifest.xml:300:7-43
	android:name
		ADDED from src\main\AndroidManifest.xml:299:7-82
activity#com.kingteller.client.activity.qrcode.QROfflineDotMachineReplaceActivity
ADDED from src\main\AndroidManifest.xml:303:3-305:45
	android:screenOrientation
		ADDED from src\main\AndroidManifest.xml:305:7-43
	android:name
		ADDED from src\main\AndroidManifest.xml:304:7-80
activity#com.kingteller.client.activity.qrcode.QROfflineDotMachineReplaceCargoScanActivity
ADDED from src\main\AndroidManifest.xml:308:3-310:45
	android:screenOrientation
		ADDED from src\main\AndroidManifest.xml:310:7-43
	android:name
		ADDED from src\main\AndroidManifest.xml:309:7-89
activity#com.kingteller.modules.zxing.activity.CaptureActivity
ADDED from src\main\AndroidManifest.xml:313:9-315:51
	android:screenOrientation
		ADDED from src\main\AndroidManifest.xml:315:13-49
	android:name
		ADDED from src\main\AndroidManifest.xml:314:13-67
activity#com.kingteller.modules.zxing.activity.CaptureShowActivity
ADDED from src\main\AndroidManifest.xml:318:9-320:51
	android:screenOrientation
		ADDED from src\main\AndroidManifest.xml:320:13-49
	android:name
		ADDED from src\main\AndroidManifest.xml:319:13-71
activity#com.kingteller.client.activity.workorder.SendOrderListActivity
ADDED from src\main\AndroidManifest.xml:323:9-325:51
	android:screenOrientation
		ADDED from src\main\AndroidManifest.xml:325:13-49
	android:name
		ADDED from src\main\AndroidManifest.xml:324:13-76
activity#com.kingteller.client.activity.workorder.SendOrderSearchListActivity
ADDED from src\main\AndroidManifest.xml:328:9-330:51
	android:screenOrientation
		ADDED from src\main\AndroidManifest.xml:330:13-49
	android:name
		ADDED from src\main\AndroidManifest.xml:329:13-82
activity#com.kingteller.client.activity.workorder.RapairSendOrderActivity
ADDED from src\main\AndroidManifest.xml:333:8-335:52
	android:screenOrientation
		ADDED from src\main\AndroidManifest.xml:335:13-49
	android:name
		ADDED from src\main\AndroidManifest.xml:334:13-78
activity#com.kingteller.client.activity.workorder.AssignWorkerSearchActivity
ADDED from src\main\AndroidManifest.xml:338:8-340:52
	android:screenOrientation
		ADDED from src\main\AndroidManifest.xml:340:13-49
	android:name
		ADDED from src\main\AndroidManifest.xml:339:13-81
activity#com.kingteller.client.activity.workorder.MachineSearchActivity
ADDED from src\main\AndroidManifest.xml:343:8-345:52
	android:screenOrientation
		ADDED from src\main\AndroidManifest.xml:345:13-49
	android:name
		ADDED from src\main\AndroidManifest.xml:344:13-76
activity#com.kingteller.client.activity.workorder.WorkOrderActivity
ADDED from src\main\AndroidManifest.xml:348:9-350:53
	android:screenOrientation
		ADDED from src\main\AndroidManifest.xml:350:13-49
	android:name
		ADDED from src\main\AndroidManifest.xml:349:13-72
activity#com.kingteller.client.activity.workorder.WorkOrderSearchActivity
ADDED from src\main\AndroidManifest.xml:353:9-355:52
	android:screenOrientation
		ADDED from src\main\AndroidManifest.xml:355:13-49
	android:name
		ADDED from src\main\AndroidManifest.xml:354:13-78
activity#com.kingteller.client.activity.workorder.RepairReportActivity
ADDED from src\main\AndroidManifest.xml:358:9-360:52
	android:screenOrientation
		ADDED from src\main\AndroidManifest.xml:360:13-49
	android:name
		ADDED from src\main\AndroidManifest.xml:359:13-75
activity#com.kingteller.client.activity.workorder.checkout.RepairReportCheckoutActivity
ADDED from src\main\AndroidManifest.xml:361:9-363:52
	android:screenOrientation
		ADDED from src\main\AndroidManifest.xml:363:13-49
	android:name
		ADDED from src\main\AndroidManifest.xml:362:13-92
activity#com.kingteller.client.activity.workorder.OtherMatterReportActivity
ADDED from src\main\AndroidManifest.xml:367:9-369:52
	android:screenOrientation
		ADDED from src\main\AndroidManifest.xml:369:13-49
	android:name
		ADDED from src\main\AndroidManifest.xml:368:13-80
activity#com.kingteller.client.activity.workorder.checkout.OtherMatterReportCheckoutActivity
ADDED from src\main\AndroidManifest.xml:371:9-373:52
	android:screenOrientation
		ADDED from src\main\AndroidManifest.xml:373:13-49
	android:name
		ADDED from src\main\AndroidManifest.xml:372:13-97
activity#com.kingteller.client.activity.workorder.LogisticsReportActivity
ADDED from src\main\AndroidManifest.xml:377:9-379:52
	android:screenOrientation
		ADDED from src\main\AndroidManifest.xml:379:13-49
	android:name
		ADDED from src\main\AndroidManifest.xml:378:13-78
activity#com.kingteller.client.activity.workorder.checkout.LogisticsReportCheckoutActivity
ADDED from src\main\AndroidManifest.xml:381:9-383:52
	android:screenOrientation
		ADDED from src\main\AndroidManifest.xml:383:13-49
	android:name
		ADDED from src\main\AndroidManifest.xml:382:13-95
activity#com.kingteller.client.activity.workorder.AduitReportActivity
ADDED from src\main\AndroidManifest.xml:387:9-389:52
	android:screenOrientation
		ADDED from src\main\AndroidManifest.xml:389:13-49
	android:name
		ADDED from src\main\AndroidManifest.xml:388:13-74
activity#com.kingteller.client.activity.workorder.MobileNavJqbhActivity
ADDED from src\main\AndroidManifest.xml:392:9-394:52
	android:screenOrientation
		ADDED from src\main\AndroidManifest.xml:394:13-49
	android:name
		ADDED from src\main\AndroidManifest.xml:393:13-76
activity#com.kingteller.client.activity.knowledge.KnowledgeActivity
ADDED from src\main\AndroidManifest.xml:397:9-399:52
	android:screenOrientation
		ADDED from src\main\AndroidManifest.xml:399:13-49
	android:name
		ADDED from src\main\AndroidManifest.xml:398:13-72
activity#com.kingteller.client.activity.base.BaseWebActivity
ADDED from src\main\AndroidManifest.xml:402:9-404:52
	android:screenOrientation
		ADDED from src\main\AndroidManifest.xml:404:13-49
	android:name
		ADDED from src\main\AndroidManifest.xml:403:13-65
activity#com.kingteller.client.activity.common.CommonWebViewActivity
ADDED from src\main\AndroidManifest.xml:407:9-409:52
	android:screenOrientation
		ADDED from src\main\AndroidManifest.xml:409:13-49
	android:name
		ADDED from src\main\AndroidManifest.xml:408:13-73
activity#com.kingteller.client.activity.common.CommonListActivity
ADDED from src\main\AndroidManifest.xml:412:9-414:52
	android:screenOrientation
		ADDED from src\main\AndroidManifest.xml:414:13-49
	android:name
		ADDED from src\main\AndroidManifest.xml:413:13-70
activity#com.kingteller.client.activity.common.CommonSelectDataSearchActivity
ADDED from src\main\AndroidManifest.xml:417:9-419:51
	android:screenOrientation
		ADDED from src\main\AndroidManifest.xml:419:13-49
	android:name
		ADDED from src\main\AndroidManifest.xml:418:13-82
activity#com.kingteller.client.activity.common.CommonSelectDataActivity
ADDED from src\main\AndroidManifest.xml:421:9-423:51
	android:screenOrientation
		ADDED from src\main\AndroidManifest.xml:423:13-49
	android:name
		ADDED from src\main\AndroidManifest.xml:422:13-76
activity#com.kingteller.client.activity.common.CommonSelectGtgjActivity
ADDED from src\main\AndroidManifest.xml:425:9-427:51
	android:screenOrientation
		ADDED from src\main\AndroidManifest.xml:427:13-49
	android:name
		ADDED from src\main\AndroidManifest.xml:426:13-76
activity#com.kingteller.client.activity.common.CommonSelectClgcActivity
ADDED from src\main\AndroidManifest.xml:429:9-431:51
	android:screenOrientation
		ADDED from src\main\AndroidManifest.xml:431:13-49
	android:name
		ADDED from src\main\AndroidManifest.xml:430:13-76
activity#com.kingteller.client.activity.common.CommonSelectGZMSActivity
ADDED from src\main\AndroidManifest.xml:433:9-435:51
	android:screenOrientation
		ADDED from src\main\AndroidManifest.xml:435:13-49
	android:name
		ADDED from src\main\AndroidManifest.xml:434:13-76
activity#com.kingteller.client.activity.common.TreeChooserActivity
ADDED from src\main\AndroidManifest.xml:437:9-439:51
	android:screenOrientation
		ADDED from src\main\AndroidManifest.xml:439:13-49
	android:name
		ADDED from src\main\AndroidManifest.xml:438:13-71
activity#com.kingteller.client.activity.common.CommonSelectWddzSearchActivity
ADDED from src\main\AndroidManifest.xml:441:9-443:52
	android:screenOrientation